1529074220770	geckodriver	INFO	geckodriver 0.19.1
1529074220791	geckodriver	INFO	Listening on 127.0.0.1:55139
1529074221949	mozrunner::runner	INFO	Running command: "/usr/bin/firefox" "-marionette" "-profile" "/tmp/rust_mozprofile.h3DjZHnsrmsL"
console.error: "Could not write session state file " (new Error("_initWorker called too early! Please read the session file from disk first.", "resource:///modules/sessionstore/SessionFile.jsm", 337)) "_initWorker/<@resource:///modules/sessionstore/SessionFile.jsm:337:15\n_initWorker@resource:///modules/sessionstore/SessionFile.jsm:330:12\n_postToWorker@resource:///modules/sessionstore/SessionFile.jsm:354:11\nwrite@resource:///modules/sessionstore/SessionFile.jsm:394:19\nwrite@resource:///modules/sessionstore/SessionFile.jsm:66:12\n_writeState@resource:///modules/sessionstore/SessionSaver.jsm:357:12\n_saveState@resource:///modules/sessionstore/SessionSaver.jsm:295:12\n_saveStateAsync@resource:///modules/sessionstore/SessionSaver.jsm:341:5\nsaveStateAsyncWhenIdle@resource:///modules/sessionstore/SessionSaver.jsm:192:9\n"
1529074232582	Marionette	INFO	Listening on port 36177
1529074232860	Marionette	WARN	TLS certificate errors will be ignored for this session
[Child 17702, Chrome_ChildThread] WARNING: pipe error (17): Connection reset by peer: file /build/firefox-SqrJ_m/firefox-60.0.1+build2/ipc/chromium/src/chrome/common/ipc_channel_posix.cc, line 353
[Child 17702, Chrome_ChildThread] WARNING: pipe error (3): Connection reset by peer: file /build/firefox-SqrJ_m/firefox-60.0.1+build2/ipc/chromium/src/chrome/common/ipc_channel_posix.cc, line 353
1529074243930	geckodriver	INFO	geckodriver 0.19.1
1529074243933	geckodriver	INFO	Listening on 127.0.0.1:52645
1529074245113	mozrunner::runner	INFO	Running command: "/usr/bin/firefox" "-marionette" "-profile" "/tmp/rust_mozprofile.jI1m2blPAlgB"
1529074250017	Marionette	INFO	Listening on port 38913
1529074250047	Marionette	WARN	TLS certificate errors will be ignored for this session
[Child 17888, Chrome_ChildThread] WARNING: pipe error (17): Connection reset by peer: file /build/firefox-SqrJ_m/firefox-60.0.1+build2/ipc/chromium/src/chrome/common/ipc_channel_posix.cc, line 353
[Child 17888, Chrome_ChildThread] WARNING: pipe error (3): Connection reset by peer: file /build/firefox-SqrJ_m/firefox-60.0.1+build2/ipc/chromium/src/chrome/common/ipc_channel_posix.cc, line 353
1529074363182	geckodriver	INFO	geckodriver 0.19.1
1529074363187	geckodriver	INFO	Listening on 127.0.0.1:35273
1529074364284	mozrunner::runner	INFO	Running command: "/usr/bin/firefox" "-marionette" "-profile" "/tmp/rust_mozprofile.NxTdlrChG0Y5"
1529074367147	Marionette	INFO	Listening on port 40469
1529074367195	Marionette	WARN	TLS certificate errors will be ignored for this session
1529074377466	geckodriver	INFO	geckodriver 0.19.1
1529074377470	geckodriver	INFO	Listening on 127.0.0.1:46315
1529074378557	mozrunner::runner	INFO	Running command: "/usr/bin/firefox" "-marionette" "-profile" "/tmp/rust_mozprofile.Pn6I70wXqKws"
1529074381599	Marionette	INFO	Listening on port 38671
1529074381684	Marionette	WARN	TLS certificate errors will be ignored for this session
[Child 18255, Chrome_ChildThread] WARNING: pipe error (37): Connection reset by peer: file /build/firefox-SqrJ_m/firefox-60.0.1+build2/ipc/chromium/src/chrome/common/ipc_channel_posix.cc, line 353
[Child 18255, Chrome_ChildThread] WARNING: pipe error (17): Connection reset by peer: file /build/firefox-SqrJ_m/firefox-60.0.1+build2/ipc/chromium/src/chrome/common/ipc_channel_posix.cc, line 353
[Child 18255, Chrome_ChildThread] WARNING: pipe error (3): Connection reset by peer: file /build/firefox-SqrJ_m/firefox-60.0.1+build2/ipc/chromium/src/chrome/common/ipc_channel_posix.cc, line 353
1529074428103	geckodriver	INFO	geckodriver 0.19.1
1529074428107	geckodriver	INFO	Listening on 127.0.0.1:53037
1529074428213	mozrunner::runner	INFO	Running command: "/usr/bin/firefox" "-marionette" "-profile" "/tmp/rust_mozprofile.pUgyVZwy47TC"
1529074431195	Marionette	INFO	Listening on port 45363
1529074431235	Marionette	WARN	TLS certificate errors will be ignored for this session
[Child 18441, Chrome_ChildThread] WARNING: pipe error (17): Connection reset by peer: file /build/firefox-SqrJ_m/firefox-60.0.1+build2/ipc/chromium/src/chrome/common/ipc_channel_posix.cc, line 353
[Child 18441, Chrome_ChildThread] WARNING: pipe error (3): Connection reset by peer: file /build/firefox-SqrJ_m/firefox-60.0.1+build2/ipc/chromium/src/chrome/common/ipc_channel_posix.cc, line 353
1529074442825	geckodriver	INFO	geckodriver 0.19.1
1529074442830	geckodriver	INFO	Listening on 127.0.0.1:59683
1529074443915	mozrunner::runner	INFO	Running command: "/usr/bin/firefox" "-marionette" "-profile" "/tmp/rust_mozprofile.xk18XCkprcQ9"
1529074446886	Marionette	INFO	Listening on port 45765
1529074446930	Marionette	WARN	TLS certificate errors will be ignored for this session
[Child 18613, Chrome_ChildThread] WARNING: pipe error (37): Connection reset by peer: file /build/firefox-SqrJ_m/firefox-60.0.1+build2/ipc/chromium/src/chrome/common/ipc_channel_posix.cc, line 353
[Child 18613, Chrome_ChildThread] WARNING: pipe error (22): Connection reset by peer: file /build/firefox-SqrJ_m/firefox-60.0.1+build2/ipc/chromium/src/chrome/common/ipc_channel_posix.cc, line 353
[Child 18613, Chrome_ChildThread] WARNING: pipe error (3): Connection reset by peer: file /build/firefox-SqrJ_m/firefox-60.0.1+build2/ipc/chromium/src/chrome/common/ipc_channel_posix.cc, line 353
1529074457093	geckodriver	INFO	geckodriver 0.19.1
1529074457096	geckodriver	INFO	Listening on 127.0.0.1:41501
1529074458178	mozrunner::runner	INFO	Running command: "/usr/bin/firefox" "-marionette" "-profile" "/tmp/rust_mozprofile.DBfs87CWRpoI"
1529074461083	Marionette	INFO	Listening on port 40315
1529074461088	Marionette	WARN	TLS certificate errors will be ignored for this session
[Child 18782, Chrome_ChildThread] WARNING: pipe error (37): Connection reset by peer: file /build/firefox-SqrJ_m/firefox-60.0.1+build2/ipc/chromium/src/chrome/common/ipc_channel_posix.cc, line 353
[Child 18782, Chrome_ChildThread] WARNING: pipe error (17): Connection reset by peer: file /build/firefox-SqrJ_m/firefox-60.0.1+build2/ipc/chromium/src/chrome/common/ipc_channel_posix.cc, line 353
[Child 18782, Chrome_ChildThread] WARNING: pipe error (3): Connection reset by peer: file /build/firefox-SqrJ_m/firefox-60.0.1+build2/ipc/chromium/src/chrome/common/ipc_channel_posix.cc, line 353
1529074474535	geckodriver	INFO	geckodriver 0.19.1
1529074474537	geckodriver	INFO	Listening on 127.0.0.1:54077
1529074475626	mozrunner::runner	INFO	Running command: "/usr/bin/firefox" "-marionette" "-profile" "/tmp/rust_mozprofile.l8ciBrI23sD9"
1529074478945	Marionette	INFO	Listening on port 45101
1529074479037	Marionette	WARN	TLS certificate errors will be ignored for this session
1529074479251	geckodriver	INFO	geckodriver 0.19.1
1529074479254	geckodriver	INFO	Listening on 127.0.0.1:49939
1529074480332	mozrunner::runner	INFO	Running command: "/usr/bin/firefox" "-marionette" "-profile" "/tmp/rust_mozprofile.qLyISxy0h8nn"
1529074496704	Marionette	INFO	Listening on port 41029
1529074498199	Marionette	WARN	TLS certificate errors will be ignored for this session
1529074501540	geckodriver	INFO	geckodriver 0.19.1
1529074501543	geckodriver	INFO	Listening on 127.0.0.1:43063
1529074504070	mozrunner::runner	INFO	Running command: "/usr/bin/firefox" "-marionette" "-profile" "/tmp/rust_mozprofile.deC6RURG3Q3J"
1529074531875	Marionette	INFO	Listening on port 42869
1529074532859	addons.xpi	WARN	Exception running bootstrap method shutdown on activity-stream@mozilla.org: [Exception... "Component returned failure code: 0x80004005 (NS_ERROR_FAILURE) [nsIObserverService.removeObserver]"  nsresult: "0x80004005 (NS_ERROR_FAILURE)"  location: "JS frame :: resource://activity-stream/lib/SnippetsFeed.jsm :: uninit :: line 185"  data: no] Stack trace: uninit()@resource://activity-stream/lib/SnippetsFeed.jsm:185
onAction()@resource://activity-stream/lib/SnippetsFeed.jsm:201
_middleware/</<()@resource://activity-stream/lib/Store.jsm:49
Store/this[method]()@resource://activity-stream/lib/Store.jsm:28
uninit()@resource://activity-stream/lib/Store.jsm:151
uninit()@resource://activity-stream/lib/ActivityStream.jsm:300
uninit()@resource://gre/modules/addons/XPIProvider.jsm -> jar:file:///usr/lib/firefox/browser/features/activity-stream@mozilla.org.xpi!/bootstrap.js:73
shutdown()@resource://gre/modules/addons/XPIProvider.jsm -> jar:file:///usr/lib/firefox/browser/features/activity-stream@mozilla.org.xpi!/bootstrap.js:169
callBootstrapMethod()@resource://gre/modules/addons/XPIProvider.jsm:4436
observe()@resource://gre/modules/addons/XPIProvider.jsm:2287
1529074532899	Marionette	WARN	TLS certificate errors will be ignored for this session
[Child 19385, Chrome_ChildThread] WARNING: pipe error: Broken pipe: file /build/firefox-SqrJ_m/firefox-60.0.1+build2/ipc/chromium/src/chrome/common/ipc_channel_posix.cc, line 709
[Child 19385, Chrome_ChildThread] WARNING: pipe error: Broken pipe: file /build/firefox-SqrJ_m/firefox-60.0.1+build2/ipc/chromium/src/chrome/common/ipc_channel_posix.cc, line 709
[Child 19385, Chrome_ChildThread] WARNING: pipe error: Broken pipe: file /build/firefox-SqrJ_m/firefox-60.0.1+build2/ipc/chromium/src/chrome/common/ipc_channel_posix.cc, line 709
[Child 19385, Chrome_ChildThread] WARNING: FileDescriptorSet destroyed with unconsumed descriptors: file /build/firefox-SqrJ_m/firefox-60.0.1+build2/ipc/chromium/src/chrome/common/file_descriptor_set_posix.cc, line 22
1529074602876	geckodriver	INFO	geckodriver 0.19.1
1529074602897	geckodriver	INFO	Listening on 127.0.0.1:45541
1529074603200	mozrunner::runner	INFO	Running command: "/usr/bin/firefox" "-marionette" "-profile" "/tmp/rust_mozprofile.IYmn4dWlK8G1"
1529074607939	Marionette	INFO	Listening on port 37081
1529074608013	Marionette	WARN	TLS certificate errors will be ignored for this session
1529074609155	geckodriver	INFO	geckodriver 0.19.1
1529074609158	geckodriver	INFO	Listening on 127.0.0.1:49777
1529074610244	mozrunner::runner	INFO	Running command: "/usr/bin/firefox" "-marionette" "-profile" "/tmp/rust_mozprofile.38MNuUvurJGn"
1529074614173	Marionette	INFO	Listening on port 36449
1529074614254	Marionette	WARN	TLS certificate errors will be ignored for this session
*** UTM:SVC TimerManager:registerTimer called after profile-before-change notification. Ignoring timer registration for id: telemetry_modules_ping
*** UTM:SVC TimerManager:registerTimer called after profile-before-change notification. Ignoring timer registration for id: telemetry_modules_ping
1529074634626	geckodriver	INFO	geckodriver 0.19.1
1529074634629	geckodriver	INFO	Listening on 127.0.0.1:50689
1529074635717	mozrunner::runner	INFO	Running command: "/usr/bin/firefox" "-marionette" "-profile" "/tmp/rust_mozprofile.Yc5kREdJeRRK"
1529074638832	Marionette	INFO	Listening on port 42315
1529074638926	Marionette	WARN	TLS certificate errors will be ignored for this session
1529074704374	geckodriver	INFO	geckodriver 0.19.1
1529074704377	geckodriver	INFO	Listening on 127.0.0.1:53771
1529074705467	mozrunner::runner	INFO	Running command: "/usr/bin/firefox" "-marionette" "-profile" "/tmp/rust_mozprofile.z9YRaWunwEh8"
1529074708414	Marionette	INFO	Listening on port 46221
1529074708478	Marionette	WARN	TLS certificate errors will be ignored for this session
1529075113028	geckodriver	INFO	geckodriver 0.19.1
1529075113031	geckodriver	INFO	Listening on 127.0.0.1:39617
1529075114118	mozrunner::runner	INFO	Running command: "/usr/bin/firefox" "-marionette" "-profile" "/tmp/rust_mozprofile.hnmfzou72Bk7"
1529075116943	Marionette	INFO	Listening on port 44469
1529075117035	Marionette	WARN	TLS certificate errors will be ignored for this session
1529075223603	geckodriver	INFO	geckodriver 0.19.1
1529075223605	geckodriver	INFO	Listening on 127.0.0.1:48987
1529075224692	mozrunner::runner	INFO	Running command: "/usr/bin/firefox" "-marionette" "-profile" "/tmp/rust_mozprofile.Mgysiqkqr4SY"
1529075227500	Marionette	INFO	Listening on port 34835
1529075227603	Marionette	WARN	TLS certificate errors will be ignored for this session
[Child 20729, Chrome_ChildThread] WARNING: pipe error (17): Connection reset by peer: file /build/firefox-SqrJ_m/firefox-60.0.1+build2/ipc/chromium/src/chrome/common/ipc_channel_posix.cc, line 353
[Child 20729, Chrome_ChildThread] WARNING: pipe error (3): Connection reset by peer: file /build/firefox-SqrJ_m/firefox-60.0.1+build2/ipc/chromium/src/chrome/common/ipc_channel_posix.cc, line 353
1529075253403	geckodriver	INFO	geckodriver 0.19.1
1529075253405	geckodriver	INFO	Listening on 127.0.0.1:47249
1529075254484	mozrunner::runner	INFO	Running command: "/usr/bin/firefox" "-marionette" "-profile" "/tmp/rust_mozprofile.fuHqRCVHx11C"
1529075257467	Marionette	INFO	Listening on port 36175
1529075257496	Marionette	WARN	TLS certificate errors will be ignored for this session
[Child 20921, Chrome_ChildThread] WARNING: pipe error (3): Connection reset by peer: file /build/firefox-SqrJ_m/firefox-60.0.1+build2/ipc/chromium/src/chrome/common/ipc_channel_posix.cc, line 353
[GFX1-]: Receive IPC close with reason=AbnormalShutdown
1529075427868	geckodriver	INFO	geckodriver 0.19.1
1529075427871	geckodriver	INFO	Listening on 127.0.0.1:32959
1529075428957	mozrunner::runner	INFO	Running command: "/usr/bin/firefox" "-marionette" "-profile" "/tmp/rust_mozprofile.MYbT5tYLH3Qg"
1529075432098	Marionette	INFO	Listening on port 37319
1529075432166	Marionette	WARN	TLS certificate errors will be ignored for this session
[Child 21194, Chrome_ChildThread] WARNING: pipe error (17): Connection reset by peer: file /build/firefox-SqrJ_m/firefox-60.0.1+build2/ipc/chromium/src/chrome/common/ipc_channel_posix.cc, line 353
[Child 21194, Chrome_ChildThread] WARNING: pipe error (3): Connection reset by peer: file /build/firefox-SqrJ_m/firefox-60.0.1+build2/ipc/chromium/src/chrome/common/ipc_channel_posix.cc, line 353
1529075689944	geckodriver	INFO	geckodriver 0.19.1
1529075689947	geckodriver	INFO	Listening on 127.0.0.1:49575
1529075691035	mozrunner::runner	INFO	Running command: "/usr/bin/firefox" "-marionette" "-profile" "/tmp/rust_mozprofile.vjHJMFovLE5K"
1529075693961	Marionette	INFO	Listening on port 44253
1529075694049	Marionette	WARN	TLS certificate errors will be ignored for this session
[Child 21465, Chrome_ChildThread] WARNING: pipe error (37): Connection reset by peer: file /build/firefox-SqrJ_m/firefox-60.0.1+build2/ipc/chromium/src/chrome/common/ipc_channel_posix.cc, line 353
[Child 21465, Chrome_ChildThread] WARNING: pipe error (17): Connection reset by peer: file /build/firefox-SqrJ_m/firefox-60.0.1+build2/ipc/chromium/src/chrome/common/ipc_channel_posix.cc, line 353
[Child 21465, Chrome_ChildThread] WARNING: pipe error (3): Connection reset by peer: file /build/firefox-SqrJ_m/firefox-60.0.1+build2/ipc/chromium/src/chrome/common/ipc_channel_posix.cc, line 353
1529075955438	geckodriver	INFO	geckodriver 0.19.1
1529075955441	geckodriver	INFO	Listening on 127.0.0.1:47031
1529075956529	mozrunner::runner	INFO	Running command: "/usr/bin/firefox" "-marionette" "-profile" "/tmp/rust_mozprofile.rEUlSVzrRDGY"
1529075959256	Marionette	INFO	Listening on port 33735
1529075959340	Marionette	WARN	TLS certificate errors will be ignored for this session
[Child 21770, Chrome_ChildThread] WARNING: pipe error (17): Connection reset by peer: file /build/firefox-SqrJ_m/firefox-60.0.1+build2/ipc/chromium/src/chrome/common/ipc_channel_posix.cc, line 353
[Child 21770, Chrome_ChildThread] WARNING: pipe error (3): Connection reset by peer: file /build/firefox-SqrJ_m/firefox-60.0.1+build2/ipc/chromium/src/chrome/common/ipc_channel_posix.cc, line 353
1529076027963	geckodriver	INFO	geckodriver 0.19.1
1529076027966	geckodriver	INFO	Listening on 127.0.0.1:40319
1529076029058	mozrunner::runner	INFO	Running command: "/usr/bin/firefox" "-marionette" "-profile" "/tmp/rust_mozprofile.YwalH8TWVeyd"
1529076031917	Marionette	INFO	Listening on port 41639
1529076031968	Marionette	WARN	TLS certificate errors will be ignored for this session
[Child 22006, Chrome_ChildThread] WARNING: pipe error (37): Connection reset by peer: file /build/firefox-SqrJ_m/firefox-60.0.1+build2/ipc/chromium/src/chrome/common/ipc_channel_posix.cc, line 353
[Child 22006, Chrome_ChildThread] WARNING: pipe error (17): Connection reset by peer: file /build/firefox-SqrJ_m/firefox-60.0.1+build2/ipc/chromium/src/chrome/common/ipc_channel_posix.cc, line 353
[Child 22006, Chrome_ChildThread] WARNING: pipe error (3): Connection reset by peer: file /build/firefox-SqrJ_m/firefox-60.0.1+build2/ipc/chromium/src/chrome/common/ipc_channel_posix.cc, line 353
1529076172717	geckodriver	INFO	geckodriver 0.19.1
1529076172720	geckodriver	INFO	Listening on 127.0.0.1:60623
1529076173810	mozrunner::runner	INFO	Running command: "/usr/bin/firefox" "-marionette" "-profile" "/tmp/rust_mozprofile.3CuogVYPnkeC"
1529076176518	Marionette	INFO	Listening on port 40939
1529076176619	Marionette	WARN	TLS certificate errors will be ignored for this session
[Child 22327, Chrome_ChildThread] WARNING: pipe error (17): Connection reset by peer: file /build/firefox-SqrJ_m/firefox-60.0.1+build2/ipc/chromium/src/chrome/common/ipc_channel_posix.cc, line 353
[Child 22327, Chrome_ChildThread] WARNING: pipe error (3): Connection reset by peer: file /build/firefox-SqrJ_m/firefox-60.0.1+build2/ipc/chromium/src/chrome/common/ipc_channel_posix.cc, line 353
1529076475422	geckodriver	INFO	geckodriver 0.19.1
1529076475425	geckodriver	INFO	Listening on 127.0.0.1:54361
1529076476511	mozrunner::runner	INFO	Running command: "/usr/bin/firefox" "-marionette" "-profile" "/tmp/rust_mozprofile.exCU5NHAHFm1"
1529076479207	Marionette	INFO	Listening on port 37489
1529076479230	Marionette	WARN	TLS certificate errors will be ignored for this session
[Child 22666, Chrome_ChildThread] WARNING: pipe error (17): Connection reset by peer: file /build/firefox-SqrJ_m/firefox-60.0.1+build2/ipc/chromium/src/chrome/common/ipc_channel_posix.cc, line 353
[Child 22666, Chrome_ChildThread] WARNING: pipe error (3): Connection reset by peer: file /build/firefox-SqrJ_m/firefox-60.0.1+build2/ipc/chromium/src/chrome/common/ipc_channel_posix.cc, line 353
1529076576857	geckodriver	INFO	geckodriver 0.19.1
1529076576860	geckodriver	INFO	Listening on 127.0.0.1:47953
1529076577950	mozrunner::runner	INFO	Running command: "/usr/bin/firefox" "-marionette" "-profile" "/tmp/rust_mozprofile.QvA9C58jIvfK"
1529076580598	Marionette	INFO	Listening on port 34689
1529076580661	Marionette	WARN	TLS certificate errors will be ignored for this session
[Child 22893, Chrome_ChildThread] WARNING: pipe error (17): Connection reset by peer: file /build/firefox-SqrJ_m/firefox-60.0.1+build2/ipc/chromium/src/chrome/common/ipc_channel_posix.cc, line 353
[Child 22893, Chrome_ChildThread] WARNING: pipe error (3): Connection reset by peer: file /build/firefox-SqrJ_m/firefox-60.0.1+build2/ipc/chromium/src/chrome/common/ipc_channel_posix.cc, line 353
1529076711890	geckodriver	INFO	geckodriver 0.19.1
1529076711893	geckodriver	INFO	Listening on 127.0.0.1:50253
1529076712982	mozrunner::runner	INFO	Running command: "/usr/bin/firefox" "-marionette" "-profile" "/tmp/rust_mozprofile.twYPvmfRkXJS"
1529076715790	Marionette	INFO	Listening on port 45385
1529076715893	Marionette	WARN	TLS certificate errors will be ignored for this session
[Child 23170, Chrome_ChildThread] WARNING: pipe error (17): Connection reset by peer: file /build/firefox-SqrJ_m/firefox-60.0.1+build2/ipc/chromium/src/chrome/common/ipc_channel_posix.cc, line 353
1529077096611	geckodriver	INFO	geckodriver 0.19.1
1529077096614	geckodriver	INFO	Listening on 127.0.0.1:54419
1529077097699	mozrunner::runner	INFO	Running command: "/usr/bin/firefox" "-marionette" "-profile" "/tmp/rust_mozprofile.BAPy9zLhDumV"
1529077100594	Marionette	INFO	Listening on port 33825
1529077100607	Marionette	WARN	TLS certificate errors will be ignored for this session
[Child 23560, Chrome_ChildThread] WARNING: pipe error (17): Connection reset by peer: file /build/firefox-SqrJ_m/firefox-60.0.1+build2/ipc/chromium/src/chrome/common/ipc_channel_posix.cc, line 353
[Child 23560, Chrome_ChildThread] WARNING: pipe error (3): Connection reset by peer: file /build/firefox-SqrJ_m/firefox-60.0.1+build2/ipc/chromium/src/chrome/common/ipc_channel_posix.cc, line 353
1529077411968	geckodriver	INFO	geckodriver 0.19.1
1529077411971	geckodriver	INFO	Listening on 127.0.0.1:56947
1529077413061	mozrunner::runner	INFO	Running command: "/usr/bin/firefox" "-marionette" "-profile" "/tmp/rust_mozprofile.tagJF8bE7fb7"
1529077416798	Marionette	INFO	Listening on port 43441
1529077416872	Marionette	WARN	TLS certificate errors will be ignored for this session
[Child 24071, Chrome_ChildThread] WARNING: pipe error (17): Connection reset by peer: file /build/firefox-SqrJ_m/firefox-60.0.1+build2/ipc/chromium/src/chrome/common/ipc_channel_posix.cc, line 353
[Child 24071, Chrome_ChildThread] WARNING: pipe error (3): Connection reset by peer: file /build/firefox-SqrJ_m/firefox-60.0.1+build2/ipc/chromium/src/chrome/common/ipc_channel_posix.cc, line 353
1529077519938	geckodriver	INFO	geckodriver 0.19.1
1529077519941	geckodriver	INFO	Listening on 127.0.0.1:38297
1529077521026	mozrunner::runner	INFO	Running command: "/usr/bin/firefox" "-marionette" "-profile" "/tmp/rust_mozprofile.lXiykBAXEfwq"
1529077523928	Marionette	INFO	Listening on port 41273
1529077523953	Marionette	WARN	TLS certificate errors will be ignored for this session
[Child 24344, Chrome_ChildThread] WARNING: pipe error (17): Connection reset by peer: file /build/firefox-SqrJ_m/firefox-60.0.1+build2/ipc/chromium/src/chrome/common/ipc_channel_posix.cc, line 353
[Child 24344, Chrome_ChildThread] WARNING: pipe error (3): Connection reset by peer: file /build/firefox-SqrJ_m/firefox-60.0.1+build2/ipc/chromium/src/chrome/common/ipc_channel_posix.cc, line 353
1529077557414	geckodriver	INFO	geckodriver 0.19.1
1529077557416	geckodriver	INFO	Listening on 127.0.0.1:39065
1529077558505	mozrunner::runner	INFO	Running command: "/usr/bin/firefox" "-marionette" "-profile" "/tmp/rust_mozprofile.I4puv8mLecRi"
1529077561609	Marionette	INFO	Listening on port 43009
1529077561621	Marionette	WARN	TLS certificate errors will be ignored for this session
1529077583465	geckodriver	INFO	geckodriver 0.19.1
1529077583468	geckodriver	INFO	Listening on 127.0.0.1:37763
1529077584558	mozrunner::runner	INFO	Running command: "/usr/bin/firefox" "-marionette" "-profile" "/tmp/rust_mozprofile.5pcu8R26qd6v"
1529077587437	Marionette	INFO	Listening on port 38617
1529077587471	Marionette	WARN	TLS certificate errors will be ignored for this session
[Child 24724, Chrome_ChildThread] WARNING: pipe error (37): Connection reset by peer: file /build/firefox-SqrJ_m/firefox-60.0.1+build2/ipc/chromium/src/chrome/common/ipc_channel_posix.cc, line 353
[Child 24724, Chrome_ChildThread] WARNING: pipe error (17): Connection reset by peer: file /build/firefox-SqrJ_m/firefox-60.0.1+build2/ipc/chromium/src/chrome/common/ipc_channel_posix.cc, line 353
[Child 24724, Chrome_ChildThread] WARNING: pipe error (3): Connection reset by peer: file /build/firefox-SqrJ_m/firefox-60.0.1+build2/ipc/chromium/src/chrome/common/ipc_channel_posix.cc, line 353
1529077708528	geckodriver	INFO	geckodriver 0.19.1
1529077708530	geckodriver	INFO	Listening on 127.0.0.1:49057
1529077709621	mozrunner::runner	INFO	Running command: "/usr/bin/firefox" "-marionette" "-profile" "/tmp/rust_mozprofile.s1DhB7KE4aDj"
1529077712485	Marionette	INFO	Listening on port 37597
1529077712532	Marionette	WARN	TLS certificate errors will be ignored for this session
[Child 24933, Chrome_ChildThread] WARNING: pipe error (17): Connection reset by peer: file /build/firefox-SqrJ_m/firefox-60.0.1+build2/ipc/chromium/src/chrome/common/ipc_channel_posix.cc, line 353
[Child 24933, Chrome_ChildThread] WARNING: pipe error (3): Connection reset by peer: file /build/firefox-SqrJ_m/firefox-60.0.1+build2/ipc/chromium/src/chrome/common/ipc_channel_posix.cc, line 353
1529080209679	geckodriver	INFO	geckodriver 0.19.1
1529080209706	geckodriver	INFO	Listening on 127.0.0.1:34297
1529080210771	mozrunner::runner	INFO	Running command: "/usr/bin/firefox" "-marionette" "-profile" "/tmp/rust_mozprofile.NPvBGdqwI9kI"
1529080216943	Marionette	INFO	Listening on port 41587
1529080216990	Marionette	WARN	TLS certificate errors will be ignored for this session
[Child 26330, Chrome_ChildThread] WARNING: pipe error (36): Connection reset by peer: file /build/firefox-SqrJ_m/firefox-60.0.1+build2/ipc/chromium/src/chrome/common/ipc_channel_posix.cc, line 353
[Child 26330, Chrome_ChildThread] WARNING: pipe error (17): Connection reset by peer: file /build/firefox-SqrJ_m/firefox-60.0.1+build2/ipc/chromium/src/chrome/common/ipc_channel_posix.cc, line 353
[Child 26330, Chrome_ChildThread] WARNING: pipe error (3): Connection reset by peer: file /build/firefox-SqrJ_m/firefox-60.0.1+build2/ipc/chromium/src/chrome/common/ipc_channel_posix.cc, line 353
